<?xml version="1.0" encoding="UTF-8"?>
<!-- Generated by org.testng.reporters.JUnitReportReporter -->
<testsuite skipped="0" hostname="Nijats-MacBook-Pro.local" name="firstmaven.TestMaven" tests="1" failures="0" timestamp="25 Apr 2019 23:52:30 GMT" time="5.042" errors="0">
  <testcase name="test1" time="5.042" classname="firstmaven.TestMaven"/>
</testsuite> <!-- firstmaven.TestMaven -->
